{
  meta: {
    req: {
      url: '/400',
      headers: {
        'user-agent': 'vscode-restclient',
        'accept-encoding': 'gzip, deflate',
        cookie: 'session=eyJjb2xvciI6InJlZCIsInVzZXJJZCI6MTB9; session.sig=ets6w5fjicb4BWaMaSNMXeBaGh8',
        host: 'localhost:6000',
        connection: 'close'
      },
      method: 'GET',
      httpVersion: '1.1',
      originalUrl: '/400',
      query: {}
    },
    res: { statusCode: 400 },
    responseTime: 2
  },
  level: 'warn',
  message: 'HTTP GET /400',
  timestamp: '2024-06-08T08:06:31.933Z'
}
{
  meta: {
    req: {
      url: '/400',
      headers: {
        'user-agent': 'vscode-restclient',
        'accept-encoding': 'gzip, deflate',
        cookie: 'session=eyJjb2xvciI6InJlZCIsInVzZXJJZCI6MTB9; session.sig=ets6w5fjicb4BWaMaSNMXeBaGh8',
        host: 'localhost:6000',
        connection: 'close'
      },
      method: 'GET',
      httpVersion: '1.1',
      originalUrl: '/400',
      query: {}
    },
    res: { statusCode: 400 },
    responseTime: 0
  },
  level: 'warn',
  message: 'HTTP GET /400',
  timestamp: '2024-06-09T14:44:25.583Z'
}
{
  meta: {
    req: {
      url: '/500',
      headers: {
        'user-agent': 'vscode-restclient',
        'accept-encoding': 'gzip, deflate',
        cookie: 'session=eyJjb2xvciI6InJlZCIsInVzZXJJZCI6MTB9; session.sig=ets6w5fjicb4BWaMaSNMXeBaGh8',
        host: 'localhost:6000',
        connection: 'close'
      },
      method: 'GET',
      httpVersion: '1.1',
      originalUrl: '/500',
      query: {}
    },
    res: { statusCode: 500 },
    responseTime: 1
  },
  level: 'error',
  message: 'HTTP GET /500',
  timestamp: '2024-06-09T14:44:27.519Z'
}
{
  level: 'warn',
  message: 'HTTP GET /400',
  metadata: {
    meta: {
      req: {
        url: '/400',
        headers: {
          'user-agent': 'vscode-restclient',
          'accept-encoding': 'gzip, deflate',
          cookie: 'session=eyJjb2xvciI6InJlZCIsInVzZXJJZCI6MTB9; session.sig=ets6w5fjicb4BWaMaSNMXeBaGh8',
          host: 'localhost:6000',
          connection: 'close'
        },
        method: 'GET',
        httpVersion: '1.1',
        originalUrl: '/400',
        query: {}
      },
      res: { statusCode: 400 },
      responseTime: 4
    },
    timestamp: '2024-06-09T14:57:57.762Z'
  }
}
